Arguments: 
  D:\laragon\bin\nodejs\node-v16.13.0-win-x64\node.exe D:\laragon\bin\nodejs\node-v16.13.0-win-x64\node_modules\yarn\bin\yarn.js install

PATH: 
  C:\Users\muham\AppData\Local\Yarn\config\global\node_modules\.bin;C:\Users\muham\AppData\Roaming\npm;C:\Users\muham\AppData\Roaming\Composer\vendor\bin;;D:\laragon\bin\laragon\utils;D:\laragon\bin\mysql\mysql-5.7.24-winx64\bin;D:\laragon\bin\php\php-7.3.24-Win32-VC15-x64;D:\laragon\bin\composer;D:\laragon\bin\apache\httpd-2.4.35-win64-VC15\bin;D:\laragon\bin\redis\redis-x64-3.2.100;D:\laragon\bin\nodejs\node-v16.13.0-win-x64;D:\laragon\bin\nginx\nginx-1.16.0;D:\laragon\bin\notepad++;D:\laragon\bin\telnet;D:\laragon\bin\ngrok;D:\laragon\bin\git\bin;D:\laragon\bin\git\cmd;D:\laragon\bin\git\usr\bin;D:\laragon\bin\git\mingw64\bin;D:\laragon\bin;D:\laragon\usr\bin;D:\laragon\bin\putty;D:\laragon\bin\cmder\bin;D:\laragon\bin\cmder\vendor\conemu-maximus5\ConEmu\Scripts;D:\laragon\bin\cmder\vendor\conemu-maximus5;D:\laragon\bin\cmder\vendor\conemu-maximus5\ConEmu;C:\Program Files (x86)\Common Files\Intel\Shared Libraries\redist\intel64\compiler;C:\Program Files\Common Files\Oracle\Java\javapath;C:\Program Files (x86)\Common Files\Oracle\Java\javapath;C:\Windows\system32;C:\Windows;C:\Windows\System32\Wbem;C:\Windows\System32\WindowsPowerShell\v1.0\;C:\Windows\System32\OpenSSH\;C:\Program Files (x86)\NVIDIA Corporation\PhysX\Common;C:\WINDOWS\system32;C:\WINDOWS;C:\WINDOWS\System32\Wbem;C:\WINDOWS\System32\WindowsPowerShell\v1.0\;C:\WINDOWS\System32\OpenSSH\;C:\Program Files\dotnet\;D:\laragon\bin\php\php-7.2.19-Win32-VC15-x64;C:\ProgramData\ComposerSetup\bin;D:\program data\NodeJS\;D:\xampp5.6\php;D:\program data\putty\;D:\Golang\bin;D:\AndroidStudioSDK\platform-tools;C:\Program Files\Git\cmd;C:\msys64\mingw64\bin;;C:\Program Files\Docker\Docker\resources\bin;C:\ProgramData\DockerDesktop\version-bin;C:\Program Files\NVIDIA Corporation\NVIDIA NvDLISR;D:\program data\spss\JRE\bin;C:\Users\muham\AppData\Local\Yarn\config\global\node_modules\.bin;C:\Users\muham\AppData\Roaming\Composer\vendor\bin;C:\Users\muham\AppData\Roaming\npm;D:\laragon\bin;D:\laragon\bin\apache\httpd-2.4.35-win64-VC15\bin;D:\laragon\bin\composer;D:\laragon\bin\git\bin;D:\laragon\bin\git\cmd;D:\laragon\bin\git\mingw64\bin;D:\laragon\bin\git\usr\bin;D:\laragon\bin\laragon\utils;D:\laragon\bin\mysql\mysql-5.7.24-winx64\bin;D:\laragon\bin\nginx\nginx-1.16.0;D:\laragon\bin\ngrok;D:\laragon\bin\nodejs\node-v16.13.0-win-x64;D:\laragon\bin\notepad++;D:\laragon\bin\php\php-7.3.24-Win32-VC15-x64;D:\laragon\bin\putty;D:\laragon\bin\redis\redis-x64-3.2.100;D:\laragon\bin\telnet;D:\laragon\usr\bin;C:\Users\muham\AppData\Local\Microsoft\WindowsApps;D:\Microsoft VS Code\bin;D:\PhpStorm\PhpStorm 2020.3\bin;C:\Users\muham\AppData\Local\GitHubDesktop\bin;D:\program data\heroku\bin;C:\Users\muham\go\bin;D:\AndroidStudioSDK\platform-tools;C:\msys64\mingw64\bin;D:\flutter\bin;;C:\Program Files\Git\usr\bin;C:\Program Files\Git\usr\share\vim\vim74;D:\laragon\bin\cmder\;

Yarn version: 
  1.22.17

Node version: 
  16.13.0

Platform: 
  win32 x64

Trace: 
  Error: Failed to replace env in config: ${TOKEN}
      at D:\laragon\bin\nodejs\node-v16.13.0-win-x64\node_modules\yarn\lib\cli.js:99004:13
      at String.replace (<anonymous>)
      at envReplace (D:\laragon\bin\nodejs\node-v16.13.0-win-x64\node_modules\yarn\lib\cli.js:98999:16)
      at Function.normalizeConfig (D:\laragon\bin\nodejs\node-v16.13.0-win-x64\node_modules\yarn\lib\cli.js:31930:69)
      at NpmRegistry.<anonymous> (D:\laragon\bin\nodejs\node-v16.13.0-win-x64\node_modules\yarn\lib\cli.js:31960:34)
      at Generator.next (<anonymous>)
      at step (D:\laragon\bin\nodejs\node-v16.13.0-win-x64\node_modules\yarn\lib\cli.js:310:30)
      at D:\laragon\bin\nodejs\node-v16.13.0-win-x64\node_modules\yarn\lib\cli.js:321:13

npm manifest: 
  {
    "name": "@ghifar1/node-mysql-id",
    "version": "1.0.0",
    "description": "MYSQL query builder with indonesian language",
    "main": "index.js",
    "author": {
      "name": "ghifari",
      "email": "muhamadalghifari97@gmail.com"
    },
    "repository": {
      "type": "git",
      "url": "https://github.com/ghifar1/node-mysql-id"
    },
    "keywords": [
      "mysql",
      "node-mysql",
      "mysql-id"
    ],
    "license": "MIT",
    "dependencies": {
      "mysql": "^2.18.1"
    },
    "devDependencies": {
      "@tsconfig/recommended": "^1.0.1",
      "@types/mysql": "^2.15.20"
    }
  }

yarn manifest: 
  No manifest

Lockfile: 
  # THIS IS AN AUTOGENERATED FILE. DO NOT EDIT THIS FILE DIRECTLY.
  # yarn lockfile v1
  
  
  "@tsconfig/recommended@^1.0.1":
    version "1.0.1"
    resolved "https://registry.yarnpkg.com/@tsconfig/recommended/-/recommended-1.0.1.tgz#7619bad397e06ead1c5182926c944e0ca6177f52"
    integrity sha512-2xN+iGTbPBEzGSnVp/Hd64vKJCJWxsi9gfs88x4PPMyEjHJoA3o5BY9r5OLPHIZU2pAQxkSAsJFqn6itClP8mQ==
  
  "@types/mysql@^2.15.20":
    version "2.15.20"
    resolved "https://registry.yarnpkg.com/@types/mysql/-/mysql-2.15.20.tgz#9b4a3e11391bee82dc96659405d899228c157d19"
    integrity sha512-QyOqSRhe540jmdg3AqiS8AbCDvSwDgxAJcsBkMqDQw0y87OQla7y8RFW/MYcUUHBFi1AZrRYkjzSAL/bfCKMuQ==
    dependencies:
      "@types/node" "*"
  
  "@types/node@*":
    version "17.0.7"
    resolved "https://registry.npmjs.org/@types/node/-/node-17.0.7.tgz"
    integrity sha512-1QUk+WAUD4t8iR+Oj+UgI8oJa6yyxaB8a8pHaC8uqM6RrS1qbL7bf3Pwl5rHv0psm2CuDErgho6v5N+G+5fwtQ==
  
  bignumber.js@9.0.0:
    version "9.0.0"
    resolved "https://registry.npmjs.org/bignumber.js/-/bignumber.js-9.0.0.tgz"
    integrity sha512-t/OYhhJ2SD+YGBQcjY8GzzDHEk9f3nerxjtfa6tlMXfe7frs/WozhvCNoGvpM0P3bNf3Gq5ZRMlGr5f3r4/N8A==
  
  core-util-is@~1.0.0:
    version "1.0.3"
    resolved "https://registry.npmjs.org/core-util-is/-/core-util-is-1.0.3.tgz"
    integrity sha512-ZQBvi1DcpJ4GDqanjucZ2Hj3wEO5pZDS89BWbkcrvdxksJorwUDDZamX9ldFkp9aw2lmBDLgkObEA4DWNJ9FYQ==
  
  inherits@~2.0.3:
    version "2.0.4"
    resolved "https://registry.npmjs.org/inherits/-/inherits-2.0.4.tgz"
    integrity sha512-k/vGaX4/Yla3WzyMCvTQOXYeIHvqOKtnqBduzTHpzpQZzAskKMhZ2K+EnBiSM9zGSoIFeMpXKxa4dYeZIQqewQ==
  
  isarray@~1.0.0:
    version "1.0.0"
    resolved "https://registry.npmjs.org/isarray/-/isarray-1.0.0.tgz"
    integrity sha1-u5NdSFgsuhaMBoNJV6VKPgcSTxE=
  
  mysql@^2.18.1:
    version "2.18.1"
    resolved "https://registry.npmjs.org/mysql/-/mysql-2.18.1.tgz"
    integrity sha512-Bca+gk2YWmqp2Uf6k5NFEurwY/0td0cpebAucFpY/3jhrwrVGuxU2uQFCHjU19SJfje0yQvi+rVWdq78hR5lig==
    dependencies:
      bignumber.js "9.0.0"
      readable-stream "2.3.7"
      safe-buffer "5.1.2"
      sqlstring "2.3.1"
  
  process-nextick-args@~2.0.0:
    version "2.0.1"
    resolved "https://registry.npmjs.org/process-nextick-args/-/process-nextick-args-2.0.1.tgz"
    integrity sha512-3ouUOpQhtgrbOa17J7+uxOTpITYWaGP7/AhoR3+A+/1e9skrzelGi/dXzEYyvbxubEF6Wn2ypscTKiKJFFn1ag==
  
  readable-stream@2.3.7:
    version "2.3.7"
    resolved "https://registry.npmjs.org/readable-stream/-/readable-stream-2.3.7.tgz"
    integrity sha512-Ebho8K4jIbHAxnuxi7o42OrZgF/ZTNcsZj6nRKyUmkhLFq8CHItp/fy6hQZuZmP/n3yZ9VBUbp4zz/mX8hmYPw==
    dependencies:
      core-util-is "~1.0.0"
      inherits "~2.0.3"
      isarray "~1.0.0"
      process-nextick-args "~2.0.0"
      safe-buffer "~5.1.1"
      string_decoder "~1.1.1"
      util-deprecate "~1.0.1"
  
  safe-buffer@5.1.2, safe-buffer@~5.1.0, safe-buffer@~5.1.1:
    version "5.1.2"
    resolved "https://registry.npmjs.org/safe-buffer/-/safe-buffer-5.1.2.tgz"
    integrity sha512-Gd2UZBJDkXlY7GbJxfsE8/nvKkUEU1G38c1siN6QP6a9PT9MmHB8GnpscSmMJSoF8LOIrt8ud/wPtojys4G6+g==
  
  sqlstring@2.3.1:
    version "2.3.1"
    resolved "https://registry.npmjs.org/sqlstring/-/sqlstring-2.3.1.tgz"
    integrity sha1-R1OT/56RR5rqYtyvDKPRSYOn+0A=
  
  string_decoder@~1.1.1:
    version "1.1.1"
    resolved "https://registry.npmjs.org/string_decoder/-/string_decoder-1.1.1.tgz"
    integrity sha512-n/ShnvDi6FHbbVfviro+WojiFzv+s8MPMHBczVePfUpDJLwoLT0ht1l4YwBCbi8pJAveEEdnkHyPyTP/mzRfwg==
    dependencies:
      safe-buffer "~5.1.0"
  
  util-deprecate@~1.0.1:
    version "1.0.2"
    resolved "https://registry.npmjs.org/util-deprecate/-/util-deprecate-1.0.2.tgz"
    integrity sha1-RQ1Nyfpw3nMnYvvS1KKJgUGaDM8=
